
> user-cards-external-panel@1.0.0 dev
> vite

/app/panel/node_modules/rollup/dist/native.js:83
		throw new Error(
		      ^

Error: Cannot find module @rollup/rollup-linux-x64-gnu. npm has a bug related to optional dependencies (https://github.com/npm/cli/issues/4828). Please try `npm i` again after removing both package-lock.json and node_modules directory.
    at requireWithFriendlyError (/app/panel/node_modules/rollup/dist/native.js:83:9)
    at Object.<anonymous> (/app/panel/node_modules/rollup/dist/native.js:92:76)
    at Module._compile (node:internal/modules/cjs/loader:1706:14)
    at Object..js (node:internal/modules/cjs/loader:1839:10)
    at Module.load (node:internal/modules/cjs/loader:1441:32)
    at Function._load (node:internal/modules/cjs/loader:1263:12)
    at TracingChannel.traceSync (node:diagnostics_channel:322:14)
    at wrapModuleLoad (node:internal/modules/cjs/loader:237:24)
    at cjsLoader (node:internal/modules/esm/translators:309:5)
    at ModuleWrap.<anonymous> (node:internal/modules/esm/translators:202:7) {
  [cause]: Error: Cannot find module '@rollup/rollup-linux-x64-gnu'
  Require stack:
  - /app/panel/node_modules/rollup/dist/native.js
      at Function._resolveFilename (node:internal/modules/cjs/loader:1383:15)
      at defaultResolveImpl (node:internal/modules/cjs/loader:1025:19)
      at resolveForCJSWithHooks (node:internal/modules/cjs/loader:1030:22)
      at Function._load (node:internal/modules/cjs/loader:1192:37)
      at TracingChannel.traceSync (node:diagnostics_channel:322:14)
      at wrapModuleLoad (node:internal/modules/cjs/loader:237:24)
      at Module.require (node:internal/modules/cjs/loader:1463:12)
      at require (node:internal/modules/helpers:147:16)
      at requireWithFriendlyError (/app/panel/node_modules/rollup/dist/native.js:65:10)
      at Object.<anonymous> (/app/panel/node_modules/rollup/dist/native.js:92:76) {
    code: 'MODULE_NOT_FOUND',
    requireStack: [ '/app/panel/node_modules/rollup/dist/native.js' ]
  }
}

Node.js v22.20.0
